{"timestamp":"2021-11-24T16:06:00+0200","level":"INFO","thread":"main","logger":"com.apm.todo.ApmtodoApplicationKt","message":"Starting ApmtodoApplicationKt using Java 11.0.12 on kraken with PID 175365 (/home/twist/Projects/bk/APMTODO/build/classes/kotlin/main started by twist in /home/twist/Projects/bk/APMTODO)","context":"default"}
{"timestamp":"2021-11-24T16:06:00+0200","level":"INFO","thread":"main","logger":"com.apm.todo.ApmtodoApplicationKt","message":"No active profile set, falling back to default profiles: default","context":"default"}
{"timestamp":"2021-11-24T16:06:01+0200","level":"INFO","thread":"main","logger":"org.springframework.data.repository.config.RepositoryConfigurationDelegate","message":"Bootstrapping Spring Data JPA repositories in DEFAULT mode.","context":"default"}
{"timestamp":"2021-11-24T16:06:01+0200","level":"INFO","thread":"main","logger":"org.springframework.data.repository.config.RepositoryConfigurationDelegate","message":"Finished Spring Data repository scanning in 25 ms. Found 1 JPA repository interfaces.","context":"default"}
{"timestamp":"2021-11-24T16:06:01+0200","level":"INFO","thread":"main","logger":"org.springframework.boot.web.embedded.tomcat.TomcatWebServer","message":"Tomcat initialized with port(s): 8080 (http)","context":"default"}
{"timestamp":"2021-11-24T16:06:01+0200","level":"INFO","thread":"main","logger":"org.apache.coyote.http11.Http11NioProtocol","message":"Initializing ProtocolHandler [\"http-nio-8080\"]","context":"default"}
{"timestamp":"2021-11-24T16:06:01+0200","level":"INFO","thread":"main","logger":"org.apache.catalina.core.StandardService","message":"Starting service [Tomcat]","context":"default"}
{"timestamp":"2021-11-24T16:06:01+0200","level":"INFO","thread":"main","logger":"org.apache.catalina.core.StandardEngine","message":"Starting Servlet engine: [Apache Tomcat/9.0.55]","context":"default"}
{"timestamp":"2021-11-24T16:06:01+0200","level":"INFO","thread":"main","logger":"org.apache.catalina.core.ContainerBase.[Tomcat].[localhost].[/]","message":"Initializing Spring embedded WebApplicationContext","context":"default"}
{"timestamp":"2021-11-24T16:06:01+0200","level":"INFO","thread":"main","logger":"org.springframework.boot.web.servlet.context.ServletWebServerApplicationContext","message":"Root WebApplicationContext: initialization completed in 1065 ms","context":"default"}
{"timestamp":"2021-11-24T16:06:02+0200","level":"INFO","thread":"main","logger":"org.hibernate.jpa.internal.util.LogHelper","message":"HHH000204: Processing PersistenceUnitInfo [name: default]","context":"default"}
{"timestamp":"2021-11-24T16:06:02+0200","level":"INFO","thread":"main","logger":"org.hibernate.Version","message":"HHH000412: Hibernate ORM core version 5.6.1.Final","context":"default"}
{"timestamp":"2021-11-24T16:06:02+0200","level":"INFO","thread":"main","logger":"org.hibernate.annotations.common.Version","message":"HCANN000001: Hibernate Commons Annotations {5.1.2.Final}","context":"default"}
{"timestamp":"2021-11-24T16:06:02+0200","level":"INFO","thread":"main","logger":"com.zaxxer.hikari.HikariDataSource","message":"HikariPool-1 - Starting...","context":"default"}
{"timestamp":"2021-11-24T16:06:02+0200","level":"INFO","thread":"main","logger":"com.zaxxer.hikari.HikariDataSource","message":"HikariPool-1 - Start completed.","context":"default"}
{"timestamp":"2021-11-24T16:06:02+0200","level":"INFO","thread":"main","logger":"org.hibernate.dialect.Dialect","message":"HHH000400: Using dialect: org.hibernate.dialect.H2Dialect","context":"default"}
{"timestamp":"2021-11-24T16:06:02+0200","level":"DEBUG","thread":"main","logger":"org.hibernate.SQL","message":"drop table if exists todos CASCADE ","context":"default"}
{"timestamp":"2021-11-24T16:06:02+0200","level":"DEBUG","thread":"main","logger":"org.hibernate.SQL","message":"drop sequence if exists hibernate_sequence","context":"default"}
{"timestamp":"2021-11-24T16:06:02+0200","level":"DEBUG","thread":"main","logger":"org.hibernate.SQL","message":"create sequence hibernate_sequence start with 1 increment by 1","context":"default"}
{"timestamp":"2021-11-24T16:06:02+0200","level":"DEBUG","thread":"main","logger":"org.hibernate.SQL","message":"create table todos (id bigint not null, created_at timestamp, description varchar(255), title varchar(255), primary key (id))","context":"default"}
{"timestamp":"2021-11-24T16:06:02+0200","level":"INFO","thread":"main","logger":"org.hibernate.engine.transaction.jta.platform.internal.JtaPlatformInitiator","message":"HHH000490: Using JtaPlatform implementation: [org.hibernate.engine.transaction.jta.platform.internal.NoJtaPlatform]","context":"default"}
{"timestamp":"2021-11-24T16:06:02+0200","level":"INFO","thread":"main","logger":"org.springframework.orm.jpa.LocalContainerEntityManagerFactoryBean","message":"Initialized JPA EntityManagerFactory for persistence unit 'default'","context":"default"}
{"timestamp":"2021-11-24T16:06:02+0200","level":"WARN","thread":"main","logger":"org.springframework.boot.autoconfigure.orm.jpa.JpaBaseConfiguration$JpaWebConfiguration","message":"spring.jpa.open-in-view is enabled by default. Therefore, database queries may be performed during view rendering. Explicitly configure spring.jpa.open-in-view to disable this warning","context":"default"}
{"timestamp":"2021-11-24T16:06:03+0200","level":"INFO","thread":"main","logger":"org.springframework.boot.actuate.endpoint.web.EndpointLinksResolver","message":"Exposing 1 endpoint(s) beneath base path '/actuator'","context":"default"}
{"timestamp":"2021-11-24T16:06:03+0200","level":"INFO","thread":"main","logger":"org.apache.coyote.http11.Http11NioProtocol","message":"Starting ProtocolHandler [\"http-nio-8080\"]","context":"default"}
{"timestamp":"2021-11-24T16:06:03+0200","level":"INFO","thread":"main","logger":"org.springframework.boot.web.embedded.tomcat.TomcatWebServer","message":"Tomcat started on port(s): 8080 (http) with context path ''","context":"default"}
{"timestamp":"2021-11-24T16:06:03+0200","level":"INFO","thread":"main","logger":"com.apm.todo.ApmtodoApplicationKt","message":"Started ApmtodoApplicationKt in 2.795 seconds (JVM running for 3.291)","context":"default"}
{"timestamp":"2021-11-24T16:06:03+0200","level":"INFO","thread":"main","logger":"com.apm.todo.ApmtodoApplication","message":"Application started successfully!","context":"default"}
{"timestamp":"2021-11-24T16:06:03+0200","level":"INFO","thread":"RMI TCP Connection(2)-127.0.0.1","logger":"org.apache.catalina.core.ContainerBase.[Tomcat].[localhost].[/]","message":"Initializing Spring DispatcherServlet 'dispatcherServlet'","context":"default"}
{"timestamp":"2021-11-24T16:06:03+0200","level":"INFO","thread":"RMI TCP Connection(2)-127.0.0.1","logger":"org.springframework.web.servlet.DispatcherServlet","message":"Initializing Servlet 'dispatcherServlet'","context":"default"}
{"timestamp":"2021-11-24T16:06:03+0200","level":"INFO","thread":"RMI TCP Connection(2)-127.0.0.1","logger":"org.springframework.web.servlet.DispatcherServlet","message":"Completed initialization in 1 ms","context":"default"}
{"timestamp":"2021-11-24T16:06:08+0200","level":"INFO","thread":"SpringApplicationShutdownHook","logger":"org.springframework.orm.jpa.LocalContainerEntityManagerFactoryBean","message":"Closing JPA EntityManagerFactory for persistence unit 'default'","context":"default"}
{"timestamp":"2021-11-24T16:06:08+0200","level":"INFO","thread":"SpringApplicationShutdownHook","logger":"com.zaxxer.hikari.HikariDataSource","message":"HikariPool-1 - Shutdown initiated...","context":"default"}
{"timestamp":"2021-11-24T16:06:08+0200","level":"INFO","thread":"SpringApplicationShutdownHook","logger":"com.zaxxer.hikari.HikariDataSource","message":"HikariPool-1 - Shutdown completed.","context":"default"}
{"timestamp":"2021-11-24T16:08:59+0200","level":"INFO","thread":"main","logger":"com.apm.todo.ApmtodoApplicationKt","message":"Starting ApmtodoApplicationKt using Java 11.0.12 on kraken with PID 175765 (/home/twist/Projects/bk/APMTODO/build/classes/kotlin/main started by twist in /home/twist/Projects/bk/APMTODO)","context":"default"}
{"timestamp":"2021-11-24T16:08:59+0200","level":"INFO","thread":"main","logger":"com.apm.todo.ApmtodoApplicationKt","message":"No active profile set, falling back to default profiles: default","context":"default"}
{"timestamp":"2021-11-24T16:09:00+0200","level":"INFO","thread":"main","logger":"org.springframework.data.repository.config.RepositoryConfigurationDelegate","message":"Bootstrapping Spring Data JPA repositories in DEFAULT mode.","context":"default"}
{"timestamp":"2021-11-24T16:09:00+0200","level":"INFO","thread":"main","logger":"org.springframework.data.repository.config.RepositoryConfigurationDelegate","message":"Finished Spring Data repository scanning in 28 ms. Found 1 JPA repository interfaces.","context":"default"}
{"timestamp":"2021-11-24T16:09:01+0200","level":"INFO","thread":"main","logger":"org.springframework.boot.web.embedded.tomcat.TomcatWebServer","message":"Tomcat initialized with port(s): 8080 (http)","context":"default"}
{"timestamp":"2021-11-24T16:09:01+0200","level":"INFO","thread":"main","logger":"org.apache.coyote.http11.Http11NioProtocol","message":"Initializing ProtocolHandler [\"http-nio-8080\"]","context":"default"}
{"timestamp":"2021-11-24T16:09:01+0200","level":"INFO","thread":"main","logger":"org.apache.catalina.core.StandardService","message":"Starting service [Tomcat]","context":"default"}
{"timestamp":"2021-11-24T16:09:01+0200","level":"INFO","thread":"main","logger":"org.apache.catalina.core.StandardEngine","message":"Starting Servlet engine: [Apache Tomcat/9.0.55]","context":"default"}
{"timestamp":"2021-11-24T16:09:01+0200","level":"INFO","thread":"main","logger":"org.apache.catalina.core.ContainerBase.[Tomcat].[localhost].[/]","message":"Initializing Spring embedded WebApplicationContext","context":"default"}
{"timestamp":"2021-11-24T16:09:01+0200","level":"INFO","thread":"main","logger":"org.springframework.boot.web.servlet.context.ServletWebServerApplicationContext","message":"Root WebApplicationContext: initialization completed in 1076 ms","context":"default"}
{"timestamp":"2021-11-24T16:09:01+0200","level":"INFO","thread":"main","logger":"org.hibernate.jpa.internal.util.LogHelper","message":"HHH000204: Processing PersistenceUnitInfo [name: default]","context":"default"}
{"timestamp":"2021-11-24T16:09:01+0200","level":"INFO","thread":"main","logger":"org.hibernate.Version","message":"HHH000412: Hibernate ORM core version 5.6.1.Final","context":"default"}
{"timestamp":"2021-11-24T16:09:01+0200","level":"INFO","thread":"main","logger":"org.hibernate.annotations.common.Version","message":"HCANN000001: Hibernate Commons Annotations {5.1.2.Final}","context":"default"}
{"timestamp":"2021-11-24T16:09:01+0200","level":"INFO","thread":"main","logger":"com.zaxxer.hikari.HikariDataSource","message":"HikariPool-1 - Starting...","context":"default"}
{"timestamp":"2021-11-24T16:09:01+0200","level":"INFO","thread":"main","logger":"com.zaxxer.hikari.HikariDataSource","message":"HikariPool-1 - Start completed.","context":"default"}
{"timestamp":"2021-11-24T16:09:01+0200","level":"INFO","thread":"main","logger":"org.hibernate.dialect.Dialect","message":"HHH000400: Using dialect: org.hibernate.dialect.H2Dialect","context":"default"}
{"timestamp":"2021-11-24T16:09:01+0200","level":"DEBUG","thread":"main","logger":"org.hibernate.SQL","message":"drop table if exists todos CASCADE ","context":"default"}
{"timestamp":"2021-11-24T16:09:01+0200","level":"DEBUG","thread":"main","logger":"org.hibernate.SQL","message":"drop sequence if exists hibernate_sequence","context":"default"}
{"timestamp":"2021-11-24T16:09:01+0200","level":"DEBUG","thread":"main","logger":"org.hibernate.SQL","message":"create sequence hibernate_sequence start with 1 increment by 1","context":"default"}
{"timestamp":"2021-11-24T16:09:01+0200","level":"DEBUG","thread":"main","logger":"org.hibernate.SQL","message":"create table todos (id bigint not null, created_at timestamp, description varchar(255), title varchar(255), primary key (id))","context":"default"}
{"timestamp":"2021-11-24T16:09:01+0200","level":"INFO","thread":"main","logger":"org.hibernate.engine.transaction.jta.platform.internal.JtaPlatformInitiator","message":"HHH000490: Using JtaPlatform implementation: [org.hibernate.engine.transaction.jta.platform.internal.NoJtaPlatform]","context":"default"}
{"timestamp":"2021-11-24T16:09:01+0200","level":"INFO","thread":"main","logger":"org.springframework.orm.jpa.LocalContainerEntityManagerFactoryBean","message":"Initialized JPA EntityManagerFactory for persistence unit 'default'","context":"default"}
{"timestamp":"2021-11-24T16:09:02+0200","level":"WARN","thread":"main","logger":"org.springframework.boot.autoconfigure.orm.jpa.JpaBaseConfiguration$JpaWebConfiguration","message":"spring.jpa.open-in-view is enabled by default. Therefore, database queries may be performed during view rendering. Explicitly configure spring.jpa.open-in-view to disable this warning","context":"default"}
{"timestamp":"2021-11-24T16:09:02+0200","level":"INFO","thread":"main","logger":"org.springframework.boot.actuate.endpoint.web.EndpointLinksResolver","message":"Exposing 1 endpoint(s) beneath base path '/actuator'","context":"default"}
{"timestamp":"2021-11-24T16:09:02+0200","level":"INFO","thread":"main","logger":"org.apache.coyote.http11.Http11NioProtocol","message":"Starting ProtocolHandler [\"http-nio-8080\"]","context":"default"}
{"timestamp":"2021-11-24T16:09:02+0200","level":"INFO","thread":"main","logger":"org.springframework.boot.web.embedded.tomcat.TomcatWebServer","message":"Tomcat started on port(s): 8080 (http) with context path ''","context":"default"}
{"timestamp":"2021-11-24T16:09:02+0200","level":"INFO","thread":"main","logger":"com.apm.todo.ApmtodoApplicationKt","message":"Started ApmtodoApplicationKt in 2.795 seconds (JVM running for 3.254)","context":"default"}
{"timestamp":"2021-11-24T16:09:02+0200","level":"INFO","thread":"main","logger":"com.apm.todo.ApmtodoApplication","message":"Application started successfully😀","context":"default"}
{"timestamp":"2021-11-24T16:09:02+0200","level":"INFO","thread":"RMI TCP Connection(2)-127.0.0.1","logger":"org.apache.catalina.core.ContainerBase.[Tomcat].[localhost].[/]","message":"Initializing Spring DispatcherServlet 'dispatcherServlet'","context":"default"}
{"timestamp":"2021-11-24T16:09:02+0200","level":"INFO","thread":"RMI TCP Connection(2)-127.0.0.1","logger":"org.springframework.web.servlet.DispatcherServlet","message":"Initializing Servlet 'dispatcherServlet'","context":"default"}
{"timestamp":"2021-11-24T16:09:02+0200","level":"INFO","thread":"RMI TCP Connection(2)-127.0.0.1","logger":"org.springframework.web.servlet.DispatcherServlet","message":"Completed initialization in 1 ms","context":"default"}
{"timestamp":"2021-11-24T16:09:32+0200","level":"DEBUG","thread":"http-nio-8080-exec-1","logger":"org.hibernate.SQL","message":"select todo0_.id as id1_0_0_, todo0_.created_at as created_2_0_0_, todo0_.description as descript3_0_0_, todo0_.title as title4_0_0_ from todos todo0_ where todo0_.id=?","context":"default"}
{"timestamp":"2021-11-24T16:09:32+0200","level":"TRACE","thread":"http-nio-8080-exec-1","logger":"org.hibernate.type.descriptor.sql.BasicBinder","message":"binding parameter [1] as [BIGINT] - [2]","context":"default"}
